<?xml version="1.0" encoding="UTF-8"?>
<testsuite name="lv.javaguru.java2.wasterestarant.core.services.SearchDishesRequestValidatorTest" tests="5" skipped="0" failures="0" errors="0" timestamp="2021-04-16T12:50:47" hostname="DESKTOP-B0M87C9" time="0.018">
  <properties/>
  <testcase name="test1Validate" classname="lv.javaguru.java2.wasterestarant.core.services.SearchDishesRequestValidatorTest" time="0.008"/>
  <testcase name="test3Validate" classname="lv.javaguru.java2.wasterestarant.core.services.SearchDishesRequestValidatorTest" time="0.007"/>
  <testcase name="test5Validate" classname="lv.javaguru.java2.wasterestarant.core.services.SearchDishesRequestValidatorTest" time="0.001"/>
  <testcase name="test2Validate" classname="lv.javaguru.java2.wasterestarant.core.services.SearchDishesRequestValidatorTest" time="0.0"/>
  <testcase name="test4Validate" classname="lv.javaguru.java2.wasterestarant.core.services.SearchDishesRequestValidatorTest" time="0.001"/>
  <system-out><![CDATA[]]></system-out>
  <system-err><![CDATA[]]></system-err>
</testsuite>
